<?xml version="1.0" encoding="UTF-8"?>
<!-- Generated by org.testng.reporters.JUnitXMLReporter -->
<testsuite ignored="2" hostname="ASUS" failures="0" tests="2" name="Default test" time="30.974" errors="0" timestamp="2021-11-02T20:38:26 BDT">
  <testcase classname="AutoamationTest.BongoSQAtest.AppTest" name="shouldAnswerWithTrue" time="0.012"/>
  <testcase classname="scripts.LoadContentPlayContent" name="loadContent" time="30.902"/>
  <testcase classname="basicPackage.DriverSetUp" name="@AfterSuite close" time="0.0">
    <ignored/>
  </testcase> <!-- @AfterSuite close -->
  <testcase classname="basicPackage.DriverSetUp" name="@BeforeSuite Driversetup" time="0.0">
    <ignored/>
  </testcase> <!-- @BeforeSuite Driversetup -->
</testsuite> <!-- Default test -->
