<?xml version="1.0" encoding="UTF-8"?>
<testng-results ignored="2" total="4" passed="2" failed="0" skipped="0">
  <reporter-output>
  </reporter-output>
  <suite started-at="2021-11-02T20:37:54 BDT" name="Default suite" finished-at="2021-11-02T20:38:25 BDT" duration-ms="30974">
    <groups>
    </groups>
    <test started-at="2021-11-02T20:37:54 BDT" name="Default test" finished-at="2021-11-02T20:38:25 BDT" duration-ms="30974">
      <class name="AutoamationTest.BongoSQAtest.AppTest">
        <test-method signature="shouldAnswerWithTrue()[pri:0, instance:AutoamationTest.BongoSQAtest.AppTest@7d900ecf]" started-at="2021-11-02T20:37:54 BDT" name="shouldAnswerWithTrue" finished-at="2021-11-02T20:37:54 BDT" duration-ms="12" status="PASS">
          <reporter-output>
          </reporter-output>
        </test-method> <!-- shouldAnswerWithTrue -->
      </class> <!-- AutoamationTest.BongoSQAtest.AppTest -->
      <class name="scripts.LoadContentPlayContent">
        <test-method is-config="true" signature="Driversetup()[pri:0, instance:scripts.LoadContentPlayContent@210ab13f]" started-at="2021-11-02T20:37:50 BDT" name="Driversetup" finished-at="2021-11-02T20:37:54 BDT" duration-ms="4753" status="PASS">
          <reporter-output>
          </reporter-output>
        </test-method> <!-- Driversetup -->
        <test-method signature="loadContent()[pri:0, instance:scripts.LoadContentPlayContent@210ab13f]" started-at="2021-11-02T20:37:54 BDT" name="loadContent" finished-at="2021-11-02T20:38:25 BDT" duration-ms="30902" status="PASS">
          <reporter-output>
          </reporter-output>
        </test-method> <!-- loadContent -->
        <test-method is-config="true" signature="close()[pri:0, instance:scripts.LoadContentPlayContent@210ab13f]" started-at="2021-11-02T20:38:26 BDT" name="close" finished-at="2021-11-02T20:38:28 BDT" duration-ms="1197" status="PASS">
          <reporter-output>
          </reporter-output>
        </test-method> <!-- close -->
      </class> <!-- scripts.LoadContentPlayContent -->
    </test> <!-- Default test -->
  </suite> <!-- Default suite -->
</testng-results>
